# JRE version: Java(TM) SE Runtime Environment (8.0_111-b14) (build 1.8.0_111-b14)
# Java VM: Java HotSpot(TM) 64-Bit Server VM (25.111-b14 mixed mode bsd-amd64 compressed oops)
Heap:
 PSYoungGen      total 141824K, used 30917K [0x000000076ab00000, 0x0000000776d80000, 0x00000007c0000000)
  eden space 131072K, 15% used [0x000000076ab00000,0x000000076beb5f58,0x0000000772b00000)
  from space 10752K, 99% used [0x0000000772b00000,0x000000077357b610,0x0000000773580000)
  to   space 10752K, 0% used [0x0000000776300000,0x0000000776300000,0x0000000776d80000)
 ParOldGen       total 121344K, used 19504K [0x00000006c0000000, 0x00000006c7680000, 0x000000076ab00000)
  object space 121344K, 16% used [0x00000006c0000000,0x00000006c130c148,0x00000006c7680000)
 Metaspace       used 32430K, capacity 32780K, committed 33152K, reserved 1079296K
  class space    used 4027K, capacity 4123K, committed 4224K, reserved 1048576K
GC Heap History (8 events):
Event: 1.132 GC heap before
{Heap before GC invocations=1 (full 0):
 PSYoungGen      total 76288K, used 65536K [0x000000076ab00000, 0x0000000770000000, 0x00000007c0000000)
  eden space 65536K, 100% used [0x000000076ab00000,0x000000076eb00000,0x000000076eb00000)
  from space 10752K, 0% used [0x000000076f580000,0x000000076f580000,0x0000000770000000)
  to   space 10752K, 0% used [0x000000076eb00000,0x000000076eb00000,0x000000076f580000)
 ParOldGen       total 175104K, used 0K [0x00000006c0000000, 0x00000006cab00000, 0x000000076ab00000)
  object space 175104K, 0% used [0x00000006c0000000,0x00000006c0000000,0x00000006cab00000)
 Metaspace       used 15951K, capacity 16188K, committed 16384K, reserved 1062912K
  class space    used 1963K, capacity 2000K, committed 2048K, reserved 1048576K
Event: 1.149 GC heap after
Heap after GC invocations=1 (full 0):
 PSYoungGen      total 76288K, used 10720K [0x000000076ab00000, 0x0000000774000000, 0x00000007c0000000)
  eden space 65536K, 0% used [0x000000076ab00000,0x000000076ab00000,0x000000076eb00000)
  from space 10752K, 99% used [0x000000076eb00000,0x000000076f5780a0,0x000000076f580000)
  to   space 10752K, 0% used [0x0000000773580000,0x0000000773580000,0x0000000774000000)
 ParOldGen       total 175104K, used 4567K [0x00000006c0000000, 0x00000006cab00000, 0x000000076ab00000)
  object space 175104K, 2% used [0x00000006c0000000,0x00000006c0475c60,0x00000006cab00000)
 Metaspace       used 15951K, capacity 16188K, committed 16384K, reserved 1062912K
  class space    used 1963K, capacity 2000K, committed 2048K, reserved 1048576K
}
Event: 1.762 GC heap before
{Heap before GC invocations=2 (full 0):
 PSYoungGen      total 76288K, used 54108K [0x000000076ab00000, 0x0000000774000000, 0x00000007c0000000)
  eden space 65536K, 66% used [0x000000076ab00000,0x000000076d55f228,0x000000076eb00000)
  from space 10752K, 99% used [0x000000076eb00000,0x000000076f5780a0,0x000000076f580000)
  to   space 10752K, 0% used [0x0000000773580000,0x0000000773580000,0x0000000774000000)
 ParOldGen       total 175104K, used 4567K [0x00000006c0000000, 0x00000006cab00000, 0x000000076ab00000)
  object space 175104K, 2% used [0x00000006c0000000,0x00000006c0475c60,0x00000006cab00000)
 Metaspace       used 20866K, capacity 21198K, committed 21296K, reserved 1069056K
  class space    used 2583K, capacity 2666K, committed 2688K, reserved 1048576K
Event: 1.777 GC heap after
Heap after GC invocations=2 (full 0):
 PSYoungGen      total 141824K, used 10742K [0x000000076ab00000, 0x0000000774000000, 0x00000007c0000000)
  eden space 131072K, 0% used [0x000000076ab00000,0x000000076ab00000,0x0000000772b00000)
  from space 10752K, 99% used [0x0000000773580000,0x0000000773ffda50,0x0000000774000000)
  to   space 10752K, 0% used [0x0000000772b00000,0x0000000772b00000,0x0000000773580000)
 ParOldGen       total 175104K, used 6676K [0x00000006c0000000, 0x00000006cab00000, 0x000000076ab00000)
  object space 175104K, 3% used [0x00000006c0000000,0x00000006c0685238,0x00000006cab00000)
 Metaspace       used 20866K, capacity 21198K, committed 21296K, reserved 1069056K
  class space    used 2583K, capacity 2666K, committed 2688K, reserved 1048576K
}
Event: 1.777 GC heap before
{Heap before GC invocations=3 (full 1):
 PSYoungGen      total 141824K, used 10742K [0x000000076ab00000, 0x0000000774000000, 0x00000007c0000000)
  eden space 131072K, 0% used [0x000000076ab00000,0x000000076ab00000,0x0000000772b00000)
  from space 10752K, 99% used [0x0000000773580000,0x0000000773ffda50,0x0000000774000000)
  to   space 10752K, 0% used [0x0000000772b00000,0x0000000772b00000,0x0000000773580000)
 ParOldGen       total 175104K, used 6676K [0x00000006c0000000, 0x00000006cab00000, 0x000000076ab00000)
  object space 175104K, 3% used [0x00000006c0000000,0x00000006c0685238,0x00000006cab00000)
 Metaspace       used 20866K, capacity 21198K, committed 21296K, reserved 1069056K
  class space    used 2583K, capacity 2666K, committed 2688K, reserved 1048576K
Event: 1.823 GC heap after
Heap after GC invocations=3 (full 1):
 PSYoungGen      total 141824K, used 0K [0x000000076ab00000, 0x0000000774000000, 0x00000007c0000000)
  eden space 131072K, 0% used [0x000000076ab00000,0x000000076ab00000,0x0000000772b00000)
  from space 10752K, 0% used [0x0000000773580000,0x0000000773580000,0x0000000774000000)
  to   space 10752K, 0% used [0x0000000772b00000,0x0000000772b00000,0x0000000773580000)
 ParOldGen       total 121344K, used 12497K [0x00000006c0000000, 0x00000006c7680000, 0x000000076ab00000)
  object space 121344K, 10% used [0x00000006c0000000,0x00000006c0c34490,0x00000006c7680000)
 Metaspace       used 20866K, capacity 21198K, committed 21296K, reserved 1069056K
  class space    used 2583K, capacity 2666K, committed 2688K, reserved 1048576K
}
Event: 9.356 GC heap before
{Heap before GC invocations=4 (full 1):
 PSYoungGen      total 141824K, used 131072K [0x000000076ab00000, 0x0000000774000000, 0x00000007c0000000)
  eden space 131072K, 100% used [0x000000076ab00000,0x0000000772b00000,0x0000000772b00000)
  from space 10752K, 0% used [0x0000000773580000,0x0000000773580000,0x0000000774000000)
  to   space 10752K, 0% used [0x0000000772b00000,0x0000000772b00000,0x0000000773580000)
 ParOldGen       total 121344K, used 12497K [0x00000006c0000000, 0x00000006c7680000, 0x000000076ab00000)
  object space 121344K, 10% used [0x00000006c0000000,0x00000006c0c34490,0x00000006c7680000)
 Metaspace       used 31578K, capacity 31980K, committed 32256K, reserved 1077248K
  class space    used 3912K, capacity 4027K, committed 4096K, reserved 1048576K
Event: 9.379 GC heap after
Heap after GC invocations=4 (full 1):
 PSYoungGen      total 141824K, used 10733K [0x000000076ab00000, 0x0000000776d80000, 0x00000007c0000000)
  eden space 131072K, 0% used [0x000000076ab00000,0x000000076ab00000,0x0000000772b00000)
  from space 10752K, 99% used [0x0000000772b00000,0x000000077357b610,0x0000000773580000)
  to   space 10752K, 0% used [0x0000000776300000,0x0000000776300000,0x0000000776d80000)
 ParOldGen       total 121344K, used 19504K [0x00000006c0000000, 0x00000006c7680000, 0x000000076ab00000)
  object space 121344K, 16% used [0x00000006c0000000,0x00000006c130c148,0x00000006c7680000)
 Metaspace       used 31578K, capacity 31980K, committed 32256K, reserved 1077248K
  class space    used 3912K, capacity 4027K, committed 4096K, reserved 1048576K
}

